<?xml version="1.0" encoding="UTF-8"?>
<testsuite xmlns:xsi="http://www.w3.org/2001/XMLSchema-instance" xsi:noNamespaceSchemaLocation="https://maven.apache.org/surefire/maven-surefire-plugin/xsd/surefire-test-report-3.0.xsd" version="3.0" name="fr.univavignon.pokedex.api.IPokedexTest" time="0.011" tests="13" errors="0" skipped="0" failures="0">
  <properties>
[...]
</properties>
  <testcase name="testGetPokemonsWithComparatorIndex" classname="fr.univavignon.pokedex.api.IPokedexTest" time="0.0"/>
  <testcase name="testSize" classname="fr.univavignon.pokedex.api.IPokedexTest" time="0.0"/>
  <testcase name="testGetPokemonCandy" classname="fr.univavignon.pokedex.api.IPokedexTest" time="0.0"/>
  <testcase name="testGetPokemonDust" classname="fr.univavignon.pokedex.api.IPokedexTest" time="0.0"/>
  <testcase name="testGetPokemonHP" classname="fr.univavignon.pokedex.api.IPokedexTest" time="0.0"/>
  <testcase name="testGetPokemonIv" classname="fr.univavignon.pokedex.api.IPokedexTest" time="0.0"/>
  <testcase name="testGetPokemon" classname="fr.univavignon.pokedex.api.IPokedexTest" time="0.0"/>
  <testcase name="testGetPokemonsWithOrder" classname="fr.univavignon.pokedex.api.IPokedexTest" time="0.0"/>
  <testcase name="testGetPokemonWithInvalidIndex" classname="fr.univavignon.pokedex.api.IPokedexTest" time="0.0"/>
  <testcase name="testAddPokemon" classname="fr.univavignon.pokedex.api.IPokedexTest" time="0.0"/>
  <testcase name="testGetPokemonMetadataForNonExistentPokemon" classname="fr.univavignon.pokedex.api.IPokedexTest" time="0.001"/>
  <testcase name="testGetPokemonsWithComparatorCP" classname="fr.univavignon.pokedex.api.IPokedexTest" time="0.002"/>
  <testcase name="testGetPokemonsReturnsAll" classname="fr.univavignon.pokedex.api.IPokedexTest" time="0.0"/>
</testsuite>